2024-03-06 11:25:18 - INFO - start scraping
2024-03-06 11:25:24 - INFO - Start scraping data with the URL: https://www.rekrute.com/offres.html?p=1
2024-03-06 11:25:25 - INFO - Successfully retrieved HTML content. Status code: 200
2024-03-06 11:25:25 - INFO - The page was fetched successfully from: https://www.rekrute.com/offres.html?p=1
2024-03-06 11:25:25 - INFO - Extract 10 titreJob
2024-03-06 11:25:25 - INFO - Start scraping 10 offers on https://www.rekrute.com/offres.html?p=1
2024-03-06 11:29:23 - INFO - start scraping
2024-03-06 11:29:30 - INFO - Start scraping data with the URL: https://www.rekrute.com/offres.html?p=1
2024-03-06 11:29:30 - INFO - Successfully retrieved HTML content. Status code: 200
2024-03-06 11:29:30 - INFO - The page was fetched successfully from: https://www.rekrute.com/offres.html?p=1
2024-03-06 11:29:30 - INFO - Extract 10 titreJob
2024-03-06 11:29:30 - INFO - Start scraping 10 offers on https://www.rekrute.com/offres.html?p=1
2024-03-06 11:29:30 - INFO - Added new URL to cache: https://www.rekrute.com//offre-emploi-teleconseiller-hf-en-reception-dappel-recrutement-manpower-agences-casablanca-159464.html
2024-03-06 11:29:30 - WARNING - Company name of the offer not found. Error: 'NoneType' object has no attribute 'a'
2024-03-06 11:29:37 - ERROR - An error occurred: Cannot save file into a non-existent directory: '../data/raw/daily/Reckrute'
2024-03-06 12:32:08 - INFO - start scraping
2024-03-06 12:32:16 - INFO - Start scraping data with the URL: https://www.rekrute.com/offres.html?p=1
2024-03-06 12:32:16 - INFO - Successfully retrieved HTML content. Status code: 200
2024-03-06 12:32:16 - INFO - The page was fetched successfully from: https://www.rekrute.com/offres.html?p=1
2024-03-06 12:32:16 - INFO - Extract 10 titreJob
2024-03-06 12:32:16 - INFO - Start scraping 10 offers on https://www.rekrute.com/offres.html?p=1
2024-03-06 12:32:16 - INFO - URL already scraped: https://www.rekrute.com//offre-emploi-teleconseiller-hf-en-reception-dappel-recrutement-manpower-agences-casablanca-159464.html
2024-03-06 12:33:39 - INFO - start scraping
2024-03-06 12:33:46 - INFO - Start scraping data with the URL: https://www.rekrute.com/offres.html?p=1
2024-03-06 12:33:46 - INFO - Successfully retrieved HTML content. Status code: 200
2024-03-06 12:33:46 - INFO - The page was fetched successfully from: https://www.rekrute.com/offres.html?p=1
2024-03-06 12:33:46 - INFO - Extract 10 titreJob
2024-03-06 12:33:46 - INFO - Start scraping 10 offers on https://www.rekrute.com/offres.html?p=1
2024-03-06 12:33:46 - INFO - Added new URL to cache: https://www.rekrute.com/offre-emploi-ingenieur-civil-ouvrages-dart-recrutement-domino-hr-morocco-casablanca-159466.html
2024-03-06 12:33:47 - ERROR - Error occurred in scraping pages: get_company() takes 1 positional argument but 2 were given
2024-03-06 13:04:26 - INFO - start scraping
2024-03-06 13:04:33 - INFO - Start scraping data with the URL: https://www.rekrute.com/offres.html?p=1
2024-03-06 13:04:33 - INFO - Successfully retrieved HTML content. Status code: 200
2024-03-06 13:04:33 - INFO - The page was fetched successfully from: https://www.rekrute.com/offres.html?p=1
2024-03-06 13:04:33 - INFO - Extract 10 titreJob
2024-03-06 13:04:33 - INFO - Start scraping 10 offers on https://www.rekrute.com/offres.html?p=1
2024-03-06 13:04:33 - INFO - URL already scraped: https://www.rekrute.com/offre-emploi-ingenieur-civil-ouvrages-dart-recrutement-domino-hr-morocco-casablanca-159466.html
2024-03-06 13:05:28 - INFO - start scraping
2024-03-06 13:05:35 - INFO - Start scraping data with the URL: https://www.rekrute.com/offres.html?p=1
2024-03-06 13:05:37 - INFO - Successfully retrieved HTML content. Status code: 200
2024-03-06 13:05:37 - INFO - The page was fetched successfully from: https://www.rekrute.com/offres.html?p=1
2024-03-06 13:05:37 - INFO - Extract 10 titreJob
2024-03-06 13:05:37 - INFO - Start scraping 10 offers on https://www.rekrute.com/offres.html?p=1
2024-03-06 13:05:37 - INFO - URL already scraped: https://www.rekrute.com/offre-emploi-ingenieur-civil-ouvrages-dart-recrutement-domino-hr-morocco-casablanca-159466.html
2024-03-06 13:06:06 - INFO - start scraping
2024-03-06 13:06:13 - INFO - Start scraping data with the URL: https://www.rekrute.com/offres.html?p=1
2024-03-06 13:06:14 - INFO - Successfully retrieved HTML content. Status code: 200
2024-03-06 13:06:14 - INFO - The page was fetched successfully from: https://www.rekrute.com/offres.html?p=1
2024-03-06 13:06:14 - INFO - Extract 10 titreJob
2024-03-06 13:06:14 - INFO - Start scraping 10 offers on https://www.rekrute.com/offres.html?p=1
2024-03-06 13:06:14 - INFO - Added new URL to cache: https://www.rekrute.com/offre-emploi-ingenieur-civil-ouvrages-dart-recrutement-domino-hr-morocco-casablanca-159466.html
2024-03-06 13:06:14 - INFO - Company name of the offer domino-hr-morocco-casablanca found in th URL 159466
2024-03-06 13:06:20 - ERROR - An error occurred: Cannot save file into a non-existent directory: '../data/raw/daily/Reckrute'
2024-03-06 13:06:53 - INFO - start scraping
2024-03-06 13:07:00 - INFO - Start scraping data with the URL: https://www.rekrute.com/offres.html?p=1
2024-03-06 13:07:00 - INFO - Successfully retrieved HTML content. Status code: 200
2024-03-06 13:07:00 - INFO - The page was fetched successfully from: https://www.rekrute.com/offres.html?p=1
2024-03-06 13:07:01 - INFO - Extract 10 titreJob
2024-03-06 13:07:01 - INFO - Start scraping 10 offers on https://www.rekrute.com/offres.html?p=1
2024-03-06 13:07:01 - INFO - URL already scraped: https://www.rekrute.com/offre-emploi-ingenieur-civil-ouvrages-dart-recrutement-domino-hr-morocco-casablanca-159466.html
2024-03-06 13:07:40 - INFO - start scraping
2024-03-06 13:07:47 - INFO - Start scraping data with the URL: https://www.rekrute.com/offres.html?p=1
2024-03-06 13:07:47 - INFO - Successfully retrieved HTML content. Status code: 200
2024-03-06 13:07:47 - INFO - The page was fetched successfully from: https://www.rekrute.com/offres.html?p=1
2024-03-06 13:07:47 - INFO - Extract 10 titreJob
2024-03-06 13:07:47 - INFO - Start scraping 10 offers on https://www.rekrute.com/offres.html?p=1
2024-03-06 13:07:47 - INFO - Added new URL to cache: https://www.rekrute.com/offre-emploi-ingenieur-civil-ouvrages-dart-recrutement-domino-hr-morocco-casablanca-159466.html
2024-03-06 13:07:48 - INFO - Company name of the offer domino-hr-morocco-casablanca found in th URL 159466
2024-03-06 13:07:53 - INFO - Extract the link of an offer: https://www.rekrute.com/offre-emploi-ingenieur-civil-ouvrages-dart-recrutement-domino-hr-morocco-casablanca-159466.html
2024-03-06 13:09:15 - INFO - start scraping
2024-03-06 13:09:22 - INFO - Start scraping data with the URL: https://www.rekrute.com/offres.html?p=1
2024-03-06 13:09:25 - INFO - Successfully retrieved HTML content. Status code: 200
2024-03-06 13:09:25 - INFO - The page was fetched successfully from: https://www.rekrute.com/offres.html?p=1
2024-03-06 13:09:25 - INFO - Extract 10 titreJob
2024-03-06 13:09:25 - INFO - Start scraping 10 offers on https://www.rekrute.com/offres.html?p=1
2024-03-06 13:09:25 - INFO - Added new URL to cache: https://www.rekrute.com/offre-emploi-ingenieur-civil-ouvrages-dart-recrutement-domino-hr-morocco-casablanca-159466.html
2024-03-06 13:09:25 - INFO - Company name of the offer domino-hr-morocco-casablanca found in th URL 159466
2024-03-06 13:09:25 - INFO - Extract the link of an offer: https://www.rekrute.com/offre-emploi-ingenieur-civil-ouvrages-dart-recrutement-domino-hr-morocco-casablanca-159466.html
2024-03-06 13:10:54 - INFO - start scraping
2024-03-06 13:11:00 - INFO - Start scraping data with the URL: https://www.rekrute.com/offres.html?p=1
2024-03-06 13:11:01 - INFO - Successfully retrieved HTML content. Status code: 200
2024-03-06 13:11:01 - INFO - The page was fetched successfully from: https://www.rekrute.com/offres.html?p=1
2024-03-06 13:11:01 - INFO - Extract 10 titreJob
2024-03-06 13:11:01 - INFO - Start scraping 10 offers on https://www.rekrute.com/offres.html?p=1
2024-03-06 13:11:01 - INFO - Added new URL to cache: https://www.rekrute.com/offre-emploi-ingenieur-civil-ouvrages-dart-recrutement-domino-hr-morocco-casablanca-159466.html
2024-03-06 13:11:01 - INFO - Company name of the offer domino-hr-morocco-casablanca found in th URL 159466
2024-03-06 13:11:01 - INFO - Extract the link of an offer: https://www.rekrute.com/offre-emploi-ingenieur-civil-ouvrages-dart-recrutement-domino-hr-morocco-casablanca-159466.html
2024-03-06 13:22:28 - INFO - start scraping
2024-03-06 13:22:35 - INFO - Start scraping data with the URL: https://www.rekrute.com/offres.html?p=1
2024-03-06 13:22:35 - INFO - Successfully retrieved HTML content. Status code: 200
2024-03-06 13:22:35 - INFO - The page was fetched successfully from: https://www.rekrute.com/offres.html?p=1
2024-03-06 13:22:35 - INFO - Extract 10 titreJob
2024-03-06 13:22:35 - INFO - Start scraping 10 offers on https://www.rekrute.com/offres.html?p=1
2024-03-06 13:22:35 - INFO - Added new URL to cache: https://www.rekrute.com/offre-emploi-technicien-facility-management-recrutement-orh-assessment-plusieurs-villes-159467.html
2024-03-06 13:22:35 - INFO - Company name of the offer orh-assessment-plusieurs-villes found in th URL 159467
2024-03-06 13:22:35 - ERROR - Error occurred in scraping pages: get_poste() missing 1 required positional argument: 'offer_url'
2024-03-06 13:23:18 - INFO - start scraping
2024-03-06 13:23:25 - INFO - Start scraping data with the URL: https://www.rekrute.com/offres.html?p=1
2024-03-06 13:23:25 - INFO - Successfully retrieved HTML content. Status code: 200
2024-03-06 13:23:25 - INFO - The page was fetched successfully from: https://www.rekrute.com/offres.html?p=1
2024-03-06 13:23:25 - INFO - Extract 10 titreJob
2024-03-06 13:23:25 - INFO - Start scraping 10 offers on https://www.rekrute.com/offres.html?p=1
2024-03-06 13:23:25 - INFO - URL already scraped: https://www.rekrute.com/offre-emploi-technicien-facility-management-recrutement-orh-assessment-plusieurs-villes-159467.html
2024-03-06 13:23:35 - INFO - start scraping
2024-03-06 13:23:42 - INFO - Start scraping data with the URL: https://www.rekrute.com/offres.html?p=1
2024-03-06 13:23:42 - INFO - Successfully retrieved HTML content. Status code: 200
2024-03-06 13:23:42 - INFO - The page was fetched successfully from: https://www.rekrute.com/offres.html?p=1
2024-03-06 13:23:42 - INFO - Extract 10 titreJob
2024-03-06 13:23:42 - INFO - Start scraping 10 offers on https://www.rekrute.com/offres.html?p=1
2024-03-06 13:23:42 - INFO - Added new URL to cache: https://www.rekrute.com/offre-emploi-technicien-facility-management-recrutement-orh-assessment-plusieurs-villes-159467.html
2024-03-06 13:23:43 - INFO - Company name of the offer orh-assessment-plusieurs-villes found in th URL 159467
2024-03-06 13:23:43 - INFO - poste of the offer: technicien-facility-management
2024-03-06 13:23:43 - INFO - Extract the link of an offer: https://www.rekrute.com/offre-emploi-technicien-facility-management-recrutement-orh-assessment-plusieurs-villes-159467.html
2024-03-06 13:25:13 - INFO - start scraping
2024-03-06 13:25:20 - INFO - Start scraping data with the URL: https://www.rekrute.com/offres.html?p=1
2024-03-06 13:25:20 - INFO - Successfully retrieved HTML content. Status code: 200
2024-03-06 13:25:20 - INFO - The page was fetched successfully from: https://www.rekrute.com/offres.html?p=1
2024-03-06 13:25:20 - INFO - Extract 10 titreJob
2024-03-06 13:25:20 - INFO - Start scraping 10 offers on https://www.rekrute.com/offres.html?p=1
2024-03-06 13:25:20 - INFO - Added new URL to cache: https://www.rekrute.com/offre-emploi-technicien-facility-management-recrutement-orh-assessment-plusieurs-villes-159467.html
2024-03-06 13:25:20 - INFO - Company name of the offer orh-assessment-plusieurs-villes found in th URL 159467
2024-03-06 13:25:20 - INFO - poste of the offer: technicien facility management
2024-03-06 13:25:20 - INFO - Extract the link of an offer: https://www.rekrute.com/offre-emploi-technicien-facility-management-recrutement-orh-assessment-plusieurs-villes-159467.html
2024-03-06 13:27:29 - INFO - start scraping
2024-03-06 13:27:36 - INFO - Start scraping data with the URL: https://www.rekrute.com/offres.html?p=0
2024-03-06 13:27:37 - INFO - Successfully retrieved HTML content. Status code: 200
2024-03-06 13:27:37 - INFO - The page was fetched successfully from: https://www.rekrute.com/offres.html?p=0
2024-03-06 13:27:37 - INFO - Extract 10 titreJob
2024-03-06 13:27:37 - INFO - Start scraping 10 offers on https://www.rekrute.com/offres.html?p=0
2024-03-06 13:27:37 - INFO - Added new URL to cache: https://www.rekrute.com/offre-emploi-technicien-facility-management-recrutement-orh-assessment-plusieurs-villes-159467.html
2024-03-06 13:27:37 - INFO - Company name of the offer orh-assessment-plusieurs-villes found in th URL 159467
2024-03-06 13:27:37 - INFO - poste of the offer: technicien facility management
2024-03-06 13:27:37 - INFO - Extract the link of an offer: https://www.rekrute.com/offre-emploi-technicien-facility-management-recrutement-orh-assessment-plusieurs-villes-159467.html
2024-03-06 13:27:37 - INFO - Start scraping data with the URL: https://www.rekrute.com/offres.html?p=1
2024-03-06 13:27:37 - INFO - Successfully retrieved HTML content. Status code: 200
2024-03-06 13:27:37 - INFO - The page was fetched successfully from: https://www.rekrute.com/offres.html?p=1
2024-03-06 13:27:38 - INFO - Extract 10 titreJob
2024-03-06 13:27:38 - INFO - Start scraping 10 offers on https://www.rekrute.com/offres.html?p=1
2024-03-06 13:27:38 - INFO - URL already scraped: https://www.rekrute.com/offre-emploi-technicien-facility-management-recrutement-orh-assessment-plusieurs-villes-159467.html
2024-03-06 13:29:21 - INFO - start scraping
2024-03-06 13:29:28 - INFO - Start scraping data with the URL: https://www.rekrute.com/offres.html?p=1
2024-03-06 13:29:28 - INFO - Successfully retrieved HTML content. Status code: 200
2024-03-06 13:29:28 - INFO - The page was fetched successfully from: https://www.rekrute.com/offres.html?p=1
2024-03-06 13:29:29 - INFO - Extract 10 titreJob
2024-03-06 13:29:29 - INFO - Start scraping 10 offers on https://www.rekrute.com/offres.html?p=1
2024-03-06 13:29:29 - INFO - Added new URL to cache: https://www.rekrute.com/offre-emploi-technicien-facility-management-recrutement-orh-assessment-plusieurs-villes-159467.html
2024-03-06 13:29:29 - INFO - Company name of the offer orh-assessment-plusieurs-villes found in th URL 159467
2024-03-06 13:29:29 - INFO - poste of the offer: technicien facility management
2024-03-06 13:29:29 - INFO - Extract the link of an offer: https://www.rekrute.com/offre-emploi-technicien-facility-management-recrutement-orh-assessment-plusieurs-villes-159467.html
2024-03-06 15:17:12 - INFO - start scraping
2024-03-06 15:17:19 - INFO - Start scraping data with the URL: https://www.rekrute.com/offres.html?p=1
2024-03-06 15:17:29 - INFO - Successfully retrieved HTML content. Status code: 200
2024-03-06 15:17:29 - INFO - The page was fetched successfully from: https://www.rekrute.com/offres.html?p=1
2024-03-06 15:17:29 - INFO - Extract 10 titreJob
2024-03-06 15:17:29 - INFO - Start scraping 10 offers on https://www.rekrute.com/offres.html?p=1
2024-03-06 15:17:29 - INFO - Added new URL to cache: https://www.rekrute.com/offre-emploi-assistante-rh-recrutement-club-med-cabo-negro-159472.html
2024-03-06 15:17:29 - INFO - Company name of the offer club-med-cabo-negro found in th URL 159472
2024-03-06 15:17:29 - INFO - poste of the offer: assistante rh
2024-03-06 15:17:29 - WARNING - Location of the offer not found. Error: find() takes no keyword arguments
2024-03-06 15:17:29 - INFO - Extract the link of an offer: https://www.rekrute.com/offre-emploi-assistante-rh-recrutement-club-med-cabo-negro-159472.html
2024-03-06 15:19:17 - INFO - start scraping
2024-03-06 15:19:24 - INFO - Start scraping data with the URL: https://www.rekrute.com/offres.html?p=1
2024-03-06 15:19:24 - INFO - Successfully retrieved HTML content. Status code: 200
2024-03-06 15:19:24 - INFO - The page was fetched successfully from: https://www.rekrute.com/offres.html?p=1
2024-03-06 15:19:24 - INFO - Extract 10 titreJob
2024-03-06 15:19:24 - INFO - Start scraping 10 offers on https://www.rekrute.com/offres.html?p=1
2024-03-06 15:19:24 - INFO - Added new URL to cache: https://www.rekrute.com/offre-emploi-assistante-rh-recrutement-club-med-cabo-negro-159472.html
2024-03-06 15:19:25 - INFO - Company name of the offer club-med-cabo-negro found in th URL 159472
2024-03-06 15:19:25 - INFO - poste of the offer: assistante rh
2024-03-06 15:19:25 - WARNING - Location of the offer not found. Error: find() takes no keyword arguments
2024-03-06 15:19:25 - INFO - Extract the link of an offer: https://www.rekrute.com/offre-emploi-assistante-rh-recrutement-club-med-cabo-negro-159472.html
2024-03-06 15:20:02 - INFO - start scraping
2024-03-06 15:20:09 - INFO - Start scraping data with the URL: https://www.rekrute.com/offres.html?p=1
2024-03-06 15:20:09 - INFO - Successfully retrieved HTML content. Status code: 200
2024-03-06 15:20:09 - INFO - The page was fetched successfully from: https://www.rekrute.com/offres.html?p=1
2024-03-06 15:20:09 - INFO - Extract 10 titreJob
2024-03-06 15:20:09 - INFO - Start scraping 10 offers on https://www.rekrute.com/offres.html?p=1
2024-03-06 15:20:09 - INFO - URL already scraped: https://www.rekrute.com/offre-emploi-assistante-rh-recrutement-club-med-cabo-negro-159472.html
2024-03-06 15:20:22 - INFO - start scraping
2024-03-06 15:20:29 - INFO - Start scraping data with the URL: https://www.rekrute.com/offres.html?p=1
2024-03-06 15:20:29 - INFO - Successfully retrieved HTML content. Status code: 200
2024-03-06 15:20:29 - INFO - The page was fetched successfully from: https://www.rekrute.com/offres.html?p=1
2024-03-06 15:20:29 - INFO - Extract 10 titreJob
2024-03-06 15:20:29 - INFO - Start scraping 10 offers on https://www.rekrute.com/offres.html?p=1
2024-03-06 15:20:29 - INFO - Added new URL to cache: https://www.rekrute.com/offre-emploi-assistante-rh-recrutement-club-med-cabo-negro-159472.html
2024-03-06 15:20:29 - INFO - Company name of the offer club-med-cabo-negro found in th URL 159472
2024-03-06 15:20:29 - INFO - poste of the offer: assistante rh
2024-03-06 15:20:29 - WARNING - Location of the offer not found. Error: find() takes no keyword arguments
2024-03-06 15:20:29 - INFO - Extract the link of an offer: https://www.rekrute.com/offre-emploi-assistante-rh-recrutement-club-med-cabo-negro-159472.html
2024-03-06 15:20:47 - INFO - start scraping
2024-03-06 15:20:54 - INFO - Start scraping data with the URL: https://www.rekrute.com/offres.html?p=1
2024-03-06 15:20:54 - INFO - Successfully retrieved HTML content. Status code: 200
2024-03-06 15:20:54 - INFO - The page was fetched successfully from: https://www.rekrute.com/offres.html?p=1
2024-03-06 15:20:55 - INFO - Extract 10 titreJob
2024-03-06 15:20:55 - INFO - Start scraping 10 offers on https://www.rekrute.com/offres.html?p=1
2024-03-06 15:20:55 - INFO - Added new URL to cache: https://www.rekrute.com/offre-emploi-assistante-rh-recrutement-club-med-cabo-negro-159472.html
2024-03-06 15:20:55 - INFO - Company name of the offer club-med-cabo-negro found in th URL 159472
2024-03-06 15:20:55 - INFO - poste of the offer: assistante rh
2024-03-06 15:20:55 - WARNING - Location of the offer not found. Error: find() takes no keyword arguments
2024-03-06 15:20:55 - INFO - Extract the link of an offer: https://www.rekrute.com/offre-emploi-assistante-rh-recrutement-club-med-cabo-negro-159472.html
2024-03-06 15:23:07 - INFO - start scraping
2024-03-06 15:23:14 - INFO - Start scraping data with the URL: https://www.rekrute.com/offres.html?p=1
2024-03-06 15:23:14 - INFO - Successfully retrieved HTML content. Status code: 200
2024-03-06 15:23:14 - INFO - The page was fetched successfully from: https://www.rekrute.com/offres.html?p=1
2024-03-06 15:23:15 - INFO - Extract 10 titreJob
2024-03-06 15:23:15 - INFO - Start scraping 10 offers on https://www.rekrute.com/offres.html?p=1
2024-03-06 15:23:15 - INFO - Added new URL to cache: https://www.rekrute.com/offre-emploi-assistante-rh-recrutement-club-med-cabo-negro-159472.html
2024-03-06 15:23:15 - INFO - Company name of the offer club-med-cabo-negro found in th URL 159472
2024-03-06 15:23:15 - INFO - poste of the offer: assistante rh
2024-03-06 15:23:15 - WARNING - Location of the offer not found. Error: find() takes no keyword arguments
2024-03-06 15:23:15 - INFO - Extract the link of an offer: https://www.rekrute.com/offre-emploi-assistante-rh-recrutement-club-med-cabo-negro-159472.html
2024-03-06 15:23:59 - INFO - start scraping
2024-03-06 15:24:06 - INFO - Start scraping data with the URL: https://www.rekrute.com/offres.html?p=1
2024-03-06 15:24:07 - INFO - Successfully retrieved HTML content. Status code: 200
2024-03-06 15:24:07 - INFO - The page was fetched successfully from: https://www.rekrute.com/offres.html?p=1
2024-03-06 15:24:07 - INFO - Extract 10 titreJob
2024-03-06 15:24:07 - INFO - Start scraping 10 offers on https://www.rekrute.com/offres.html?p=1
2024-03-06 15:24:07 - INFO - URL already scraped: https://www.rekrute.com/offre-emploi-assistante-rh-recrutement-club-med-cabo-negro-159472.html
2024-03-06 15:24:29 - INFO - start scraping
2024-03-06 15:24:35 - INFO - Start scraping data with the URL: https://www.rekrute.com/offres.html?p=1
2024-03-06 15:24:36 - INFO - Successfully retrieved HTML content. Status code: 200
2024-03-06 15:24:36 - INFO - The page was fetched successfully from: https://www.rekrute.com/offres.html?p=1
2024-03-06 15:24:36 - INFO - Extract 10 titreJob
2024-03-06 15:24:36 - INFO - Start scraping 10 offers on https://www.rekrute.com/offres.html?p=1
2024-03-06 15:24:36 - INFO - Added new URL to cache: https://www.rekrute.com/offre-emploi-assistante-rh-recrutement-club-med-cabo-negro-159472.html
2024-03-06 15:24:36 - INFO - Company name of the offer club-med-cabo-negro found in th URL 159472
2024-03-06 15:24:36 - INFO - poste of the offer: assistante rh
2024-03-06 15:24:36 - WARNING - Location of the offer not found. Error: 'NoneType' object has no attribute 'text'
2024-03-06 15:24:36 - INFO - Extract the link of an offer: https://www.rekrute.com/offre-emploi-assistante-rh-recrutement-club-med-cabo-negro-159472.html
2024-03-06 15:25:15 - INFO - start scraping
2024-03-06 15:25:22 - INFO - Start scraping data with the URL: https://www.rekrute.com/offres.html?p=1
2024-03-06 15:25:22 - INFO - Successfully retrieved HTML content. Status code: 200
2024-03-06 15:25:22 - INFO - The page was fetched successfully from: https://www.rekrute.com/offres.html?p=1
2024-03-06 15:25:22 - INFO - Extract 10 titreJob
2024-03-06 15:25:22 - INFO - Start scraping 10 offers on https://www.rekrute.com/offres.html?p=1
2024-03-06 15:25:22 - INFO - Added new URL to cache: https://www.rekrute.com/offre-emploi-assistante-rh-recrutement-club-med-cabo-negro-159472.html
2024-03-06 15:25:23 - INFO - Company name of the offer club-med-cabo-negro found in th URL 159472
2024-03-06 15:25:23 - INFO - poste of the offer: assistante rh
2024-03-06 15:25:23 - WARNING - Location of the offer not found. Error: 'NoneType' object has no attribute 'text'
2024-03-06 15:25:23 - INFO - Extract the link of an offer: https://www.rekrute.com/offre-emploi-assistante-rh-recrutement-club-med-cabo-negro-159472.html
2024-03-06 15:25:53 - INFO - start scraping
2024-03-06 15:26:00 - INFO - Start scraping data with the URL: https://www.rekrute.com/offres.html?p=1
2024-03-06 15:26:00 - INFO - Successfully retrieved HTML content. Status code: 200
2024-03-06 15:26:00 - INFO - The page was fetched successfully from: https://www.rekrute.com/offres.html?p=1
2024-03-06 15:26:00 - INFO - Extract 10 titreJob
2024-03-06 15:26:00 - INFO - Start scraping 10 offers on https://www.rekrute.com/offres.html?p=1
2024-03-06 15:26:00 - INFO - Added new URL to cache: https://www.rekrute.com/offre-emploi-assistante-rh-recrutement-club-med-cabo-negro-159472.html
2024-03-06 15:26:00 - INFO - Company name of the offer club-med-cabo-negro found in th URL 159472
2024-03-06 15:26:00 - INFO - poste of the offer: assistante rh
2024-03-06 15:26:00 - WARNING - Empty data found in location
2024-03-06 15:26:00 - INFO - Extract the link of an offer: https://www.rekrute.com/offre-emploi-assistante-rh-recrutement-club-med-cabo-negro-159472.html
2024-03-06 15:28:25 - INFO - start scraping
2024-03-06 15:28:32 - INFO - Start scraping data with the URL: https://www.rekrute.com/offres.html?p=1
2024-03-06 15:28:33 - INFO - Successfully retrieved HTML content. Status code: 200
2024-03-06 15:28:33 - INFO - The page was fetched successfully from: https://www.rekrute.com/offres.html?p=1
2024-03-06 15:28:33 - INFO - Extract 10 titreJob
2024-03-06 15:28:33 - INFO - Start scraping 10 offers on https://www.rekrute.com/offres.html?p=1
2024-03-06 15:28:33 - INFO - Added new URL to cache: https://www.rekrute.com/offre-emploi-assistante-rh-recrutement-club-med-cabo-negro-159472.html
2024-03-06 15:28:33 - INFO - Company name of the offer club-med-cabo-negro found in th URL 159472
2024-03-06 15:28:33 - INFO - poste of the offer: assistante rh
2024-03-06 15:28:33 - WARNING - Empty data found in location
2024-03-06 15:28:33 - INFO - Extract the link of an offer: https://www.rekrute.com/offre-emploi-assistante-rh-recrutement-club-med-cabo-negro-159472.html
2024-03-06 15:29:09 - INFO - start scraping
2024-03-06 15:29:16 - INFO - Start scraping data with the URL: https://www.rekrute.com/offres.html?p=1
2024-03-06 15:29:16 - INFO - Successfully retrieved HTML content. Status code: 200
2024-03-06 15:29:16 - INFO - The page was fetched successfully from: https://www.rekrute.com/offres.html?p=1
2024-03-06 15:29:16 - INFO - Extract 10 titreJob
2024-03-06 15:29:16 - INFO - Start scraping 10 offers on https://www.rekrute.com/offres.html?p=1
2024-03-06 15:29:16 - INFO - Added new URL to cache: https://www.rekrute.com/offre-emploi-assistante-rh-recrutement-club-med-cabo-negro-159472.html
2024-03-06 15:29:16 - INFO - Company name of the offer club-med-cabo-negro found in th URL 159472
2024-03-06 15:29:16 - INFO - poste of the offer: assistante rh
2024-03-06 15:29:16 - WARNING - Empty data found in location
2024-03-06 15:29:16 - INFO - Extract the link of an offer: https://www.rekrute.com/offre-emploi-assistante-rh-recrutement-club-med-cabo-negro-159472.html
2024-03-06 15:31:27 - INFO - start scraping
2024-03-06 15:31:34 - INFO - Start scraping data with the URL: https://www.rekrute.com/offres.html?p=1
2024-03-06 15:31:36 - INFO - Successfully retrieved HTML content. Status code: 200
2024-03-06 15:31:36 - INFO - The page was fetched successfully from: https://www.rekrute.com/offres.html?p=1
2024-03-06 15:31:36 - INFO - Extract 10 titreJob
2024-03-06 15:31:36 - INFO - Start scraping 10 offers on https://www.rekrute.com/offres.html?p=1
2024-03-06 15:31:36 - INFO - Added new URL to cache: https://www.rekrute.com/offre-emploi-assistante-rh-recrutement-club-med-cabo-negro-159472.html
2024-03-06 15:31:36 - INFO - Company name of the offer club-med-cabo-negro found in th URL 159472
2024-03-06 15:31:36 - INFO - poste of the offer: assistante rh
2024-03-06 15:31:36 - WARNING - Empty data found in location
2024-03-06 15:31:36 - INFO - Extract the link of an offer: https://www.rekrute.com/offre-emploi-assistante-rh-recrutement-club-med-cabo-negro-159472.html
2024-03-06 15:31:54 - INFO - start scraping
2024-03-06 15:32:01 - INFO - Start scraping data with the URL: https://www.rekrute.com/offres.html?p=1
2024-03-06 15:32:02 - INFO - Successfully retrieved HTML content. Status code: 200
2024-03-06 15:32:02 - INFO - The page was fetched successfully from: https://www.rekrute.com/offres.html?p=1
2024-03-06 15:32:02 - INFO - Extract 10 titreJob
2024-03-06 15:32:02 - INFO - Start scraping 10 offers on https://www.rekrute.com/offres.html?p=1
2024-03-06 15:32:02 - INFO - Added new URL to cache: https://www.rekrute.com/offre-emploi-assistante-rh-recrutement-club-med-cabo-negro-159472.html
2024-03-06 15:32:02 - INFO - Company name of the offer club-med-cabo-negro found in th URL 159472
2024-03-06 15:32:02 - INFO - poste of the offer: assistante rh
2024-03-06 15:32:02 - WARNING - Empty data found in location
2024-03-06 15:32:02 - INFO - Extract the link of an offer: https://www.rekrute.com/offre-emploi-assistante-rh-recrutement-club-med-cabo-negro-159472.html
2024-03-06 15:32:58 - INFO - start scraping
2024-03-06 15:33:05 - INFO - Start scraping data with the URL: https://www.rekrute.com/offres.html?p=1
2024-03-06 15:33:06 - INFO - Successfully retrieved HTML content. Status code: 200
2024-03-06 15:33:06 - INFO - The page was fetched successfully from: https://www.rekrute.com/offres.html?p=1
2024-03-06 15:33:06 - INFO - Extract 10 titreJob
2024-03-06 15:33:06 - INFO - Start scraping 10 offers on https://www.rekrute.com/offres.html?p=1
2024-03-06 15:33:06 - INFO - Added new URL to cache: https://www.rekrute.com/offre-emploi-assistante-rh-recrutement-club-med-cabo-negro-159472.html
2024-03-06 15:33:07 - INFO - Company name of the offer club-med-cabo-negro found in th URL 159472
2024-03-06 15:33:07 - INFO - poste of the offer: assistante rh
2024-03-06 15:33:07 - WARNING - Empty data found in location
2024-03-06 15:33:07 - INFO - Extract the link of an offer: https://www.rekrute.com/offre-emploi-assistante-rh-recrutement-club-med-cabo-negro-159472.html
2024-03-06 15:34:08 - INFO - start scraping
2024-03-06 15:34:16 - INFO - Start scraping data with the URL: https://www.rekrute.com/offres.html?p=1
2024-03-06 15:34:16 - INFO - Successfully retrieved HTML content. Status code: 200
2024-03-06 15:34:16 - INFO - The page was fetched successfully from: https://www.rekrute.com/offres.html?p=1
2024-03-06 15:34:16 - INFO - Extract 10 titreJob
2024-03-06 15:34:16 - INFO - Start scraping 10 offers on https://www.rekrute.com/offres.html?p=1
2024-03-06 15:34:16 - INFO - Added new URL to cache: https://www.rekrute.com/offre-emploi-assistante-rh-recrutement-club-med-cabo-negro-159472.html
2024-03-06 15:34:16 - INFO - Company name of the offer club-med-cabo-negro found in th URL 159472
2024-03-06 15:34:16 - INFO - poste of the offer: assistante rh
2024-03-06 15:34:16 - WARNING - Empty data found in location
2024-03-06 15:34:16 - INFO - Extract the link of an offer: https://www.rekrute.com/offre-emploi-assistante-rh-recrutement-club-med-cabo-negro-159472.html
2024-03-06 15:37:54 - INFO - start scraping
2024-03-06 15:38:01 - INFO - Start scraping data with the URL: https://www.rekrute.com/offres.html?p=1
2024-03-06 15:38:02 - INFO - Successfully retrieved HTML content. Status code: 200
2024-03-06 15:38:02 - INFO - The page was fetched successfully from: https://www.rekrute.com/offres.html?p=1
2024-03-06 15:38:02 - INFO - Extract 10 titreJob
2024-03-06 15:38:02 - INFO - Start scraping 10 offers on https://www.rekrute.com/offres.html?p=1
2024-03-06 15:38:02 - INFO - Added new URL to cache: https://www.rekrute.com/offre-emploi-assistante-rh-recrutement-club-med-cabo-negro-159472.html
2024-03-06 15:38:02 - INFO - Company name of the offer club-med-cabo-negro found in th URL 159472
2024-03-06 15:38:02 - INFO - poste of the offer: assistante rh
2024-03-06 15:38:02 - WARNING - Empty data found in location
2024-03-06 15:38:02 - INFO - Extract the link of an offer: https://www.rekrute.com/offre-emploi-assistante-rh-recrutement-club-med-cabo-negro-159472.html
2024-03-06 15:40:19 - INFO - start scraping
2024-03-06 15:40:26 - INFO - Start scraping data with the URL: https://www.rekrute.com/offres.html?p=1
2024-03-06 15:40:27 - INFO - Successfully retrieved HTML content. Status code: 200
2024-03-06 15:40:27 - INFO - The page was fetched successfully from: https://www.rekrute.com/offres.html?p=1
2024-03-06 15:40:27 - INFO - Extract 10 titreJob
2024-03-06 15:40:27 - INFO - Start scraping 10 offers on https://www.rekrute.com/offres.html?p=1
2024-03-06 15:40:27 - INFO - Company name of the offer club-med-cabo-negro found in th URL 159472
2024-03-06 15:40:27 - INFO - poste of the offer: assistante rh
2024-03-06 15:40:27 - WARNING - Empty data found in location
2024-03-06 15:40:27 - INFO - Extract the link of an offer: https://www.rekrute.com/offre-emploi-assistante-rh-recrutement-club-med-cabo-negro-159472.html
2024-03-06 15:41:36 - INFO - start scraping
2024-03-06 15:41:42 - INFO - Start scraping data with the URL: https://www.rekrute.com/offres.html?p=1
2024-03-06 15:41:43 - INFO - Successfully retrieved HTML content. Status code: 200
2024-03-06 15:41:43 - INFO - The page was fetched successfully from: https://www.rekrute.com/offres.html?p=1
2024-03-06 15:41:43 - INFO - Extract 10 titreJob
2024-03-06 15:41:43 - INFO - Start scraping 10 offers on https://www.rekrute.com/offres.html?p=1
2024-03-06 15:41:43 - INFO - Added new URL to cache: https://www.rekrute.com/offre-emploi-assistante-rh-recrutement-club-med-cabo-negro-159472.html
2024-03-06 15:41:43 - INFO - Extract the link of an offer: https://www.rekrute.com/offre-emploi-assistante-rh-recrutement-club-med-cabo-negro-159472.html
2024-03-06 15:42:03 - INFO - start scraping
2024-03-06 15:42:10 - INFO - Start scraping data with the URL: https://www.rekrute.com/offres.html?p=1
2024-03-06 15:42:12 - INFO - Successfully retrieved HTML content. Status code: 200
2024-03-06 15:42:12 - INFO - The page was fetched successfully from: https://www.rekrute.com/offres.html?p=1
2024-03-06 15:42:12 - INFO - Extract 10 titreJob
2024-03-06 15:42:12 - INFO - Start scraping 10 offers on https://www.rekrute.com/offres.html?p=1
2024-03-06 15:42:12 - INFO - URL already scraped: https://www.rekrute.com/offre-emploi-assistante-rh-recrutement-club-med-cabo-negro-159472.html
2024-03-06 15:42:25 - INFO - start scraping
2024-03-06 15:42:32 - INFO - Start scraping data with the URL: https://www.rekrute.com/offres.html?p=1
2024-03-06 15:42:33 - INFO - Successfully retrieved HTML content. Status code: 200
2024-03-06 15:42:33 - INFO - The page was fetched successfully from: https://www.rekrute.com/offres.html?p=1
2024-03-06 15:42:33 - INFO - Extract 10 titreJob
2024-03-06 15:42:33 - INFO - Start scraping 10 offers on https://www.rekrute.com/offres.html?p=1
2024-03-06 15:42:33 - INFO - Added new URL to cache: https://www.rekrute.com/offre-emploi-assistante-rh-recrutement-club-med-cabo-negro-159472.html
2024-03-06 15:42:33 - INFO - Extract the link of an offer: https://www.rekrute.com/offre-emploi-assistante-rh-recrutement-club-med-cabo-negro-159472.html
2024-03-06 15:44:45 - INFO - start scraping
2024-03-06 15:44:52 - INFO - Start scraping data with the URL: https://www.rekrute.com/offres.html?p=1
2024-03-06 15:44:52 - INFO - Successfully retrieved HTML content. Status code: 200
2024-03-06 15:44:52 - INFO - The page was fetched successfully from: https://www.rekrute.com/offres.html?p=1
2024-03-06 15:44:52 - INFO - Extract 10 titreJob
2024-03-06 15:44:52 - INFO - Start scraping 10 offers on https://www.rekrute.com/offres.html?p=1
2024-03-06 15:44:52 - INFO - Extract the link of an offer: https://www.rekrute.com/offre-emploi-assistante-rh-recrutement-club-med-cabo-negro-159472.html
2024-03-06 15:44:52 - ERROR - An error occurred: 'NoneType' object is not iterable
