2024-03-08 01:17:14 - INFO - start scraping
2024-03-08 01:17:29 - INFO - start scraping page with index 0 : [http://www.m-job.ma/recherche?page=1]
2024-03-08 01:17:29 - INFO - Start scraping data with the URL: http://www.m-job.ma/recherche?page=1
2024-03-08 01:17:35 - INFO - Successfully retrieved HTML content. Status code: 200
2024-03-08 01:17:35 - INFO - The page was fetched successfully from: http://www.m-job.ma/recherche?page=1
2024-03-08 01:17:35 - INFO - Extract 20 offer boxes
2024-03-08 01:17:35 - INFO - Start scraping 20 offers on http://www.m-job.ma/recherche?page=1
2024-03-08 01:17:35 - INFO - Added new URL to cache: https://www.m-job.ma/offres-emploi/120181-formateurtrice-e-commerce-rabat
2024-03-08 01:17:36 - INFO - The server https://www.m-job.ma/offres-emploi/120181-formateurtrice-e-commerce-rabat could not be found. Error: HTTPSConnectionPool(host='www.m-job.ma', port=443): Max retries exceeded with url: /offres-emploi/120181-formateurtrice-e-commerce-rabat (Caused by SSLError(SSLEOFError(8, '[SSL: UNEXPECTED_EOF_WHILE_READING] EOF occurred in violation of protocol (_ssl.c:1000)')))
2024-03-08 01:17:36 - INFO - Extract the link of an offer: https://www.m-job.ma/offres-emploi/120181-formateurtrice-e-commerce-rabat
2024-03-08 01:17:36 - INFO - Added new URL to cache: https://www.m-job.ma/offres-emploi/120180-cadres-commerciaux-sedentaires-b2b-junior-8-casablanca
2024-03-08 01:17:36 - INFO - The server https://www.m-job.ma/offres-emploi/120180-cadres-commerciaux-sedentaires-b2b-junior-8-casablanca could not be found. Error: HTTPSConnectionPool(host='www.m-job.ma', port=443): Max retries exceeded with url: /offres-emploi/120180-cadres-commerciaux-sedentaires-b2b-junior-8-casablanca (Caused by SSLError(SSLEOFError(8, '[SSL: UNEXPECTED_EOF_WHILE_READING] EOF occurred in violation of protocol (_ssl.c:1000)')))
2024-03-08 01:17:36 - INFO - Extract the link of an offer: https://www.m-job.ma/offres-emploi/120180-cadres-commerciaux-sedentaires-b2b-junior-8-casablanca
2024-03-08 01:17:36 - INFO - Added new URL to cache: https://www.m-job.ma/offres-emploi/120176-conseiller-en-assurance-automobile-71-rabat
2024-03-08 01:17:36 - INFO - The server https://www.m-job.ma/offres-emploi/120176-conseiller-en-assurance-automobile-71-rabat could not be found. Error: HTTPSConnectionPool(host='www.m-job.ma', port=443): Max retries exceeded with url: /offres-emploi/120176-conseiller-en-assurance-automobile-71-rabat (Caused by SSLError(SSLEOFError(8, '[SSL: UNEXPECTED_EOF_WHILE_READING] EOF occurred in violation of protocol (_ssl.c:1000)')))
2024-03-08 01:17:36 - INFO - Extract the link of an offer: https://www.m-job.ma/offres-emploi/120176-conseiller-en-assurance-automobile-71-rabat
2024-03-08 01:17:36 - INFO - Added new URL to cache: https://www.m-job.ma/offres-emploi/120179-casablanca-reception-dappel-parfaitement-francophone-service-client-14-casablanca
2024-03-08 01:17:36 - INFO - The server https://www.m-job.ma/offres-emploi/120179-casablanca-reception-dappel-parfaitement-francophone-service-client-14-casablanca could not be found. Error: HTTPSConnectionPool(host='www.m-job.ma', port=443): Max retries exceeded with url: /offres-emploi/120179-casablanca-reception-dappel-parfaitement-francophone-service-client-14-casablanca (Caused by SSLError(SSLEOFError(8, '[SSL: UNEXPECTED_EOF_WHILE_READING] EOF occurred in violation of protocol (_ssl.c:1000)')))
2024-03-08 01:17:36 - INFO - Extract the link of an offer: https://www.m-job.ma/offres-emploi/120179-casablanca-reception-dappel-parfaitement-francophone-service-client-14-casablanca
2024-03-08 01:17:36 - INFO - Added new URL to cache: https://www.m-job.ma/offres-emploi/120178-casa-agents-de-recouvrement-francophone-prime-commerciale-casablanca
2024-03-08 01:17:36 - INFO - The server https://www.m-job.ma/offres-emploi/120178-casa-agents-de-recouvrement-francophone-prime-commerciale-casablanca could not be found. Error: HTTPSConnectionPool(host='www.m-job.ma', port=443): Max retries exceeded with url: /offres-emploi/120178-casa-agents-de-recouvrement-francophone-prime-commerciale-casablanca (Caused by SSLError(SSLEOFError(8, '[SSL: UNEXPECTED_EOF_WHILE_READING] EOF occurred in violation of protocol (_ssl.c:1000)')))
2024-03-08 01:17:36 - INFO - Extract the link of an offer: https://www.m-job.ma/offres-emploi/120178-casa-agents-de-recouvrement-francophone-prime-commerciale-casablanca
2024-03-08 01:17:36 - INFO - Added new URL to cache: https://www.m-job.ma/offres-emploi/120177-marrakech-charges-de-clientele-en-langue-allemande-3-marrakech
2024-03-08 01:17:36 - INFO - The server https://www.m-job.ma/offres-emploi/120177-marrakech-charges-de-clientele-en-langue-allemande-3-marrakech could not be found. Error: HTTPSConnectionPool(host='www.m-job.ma', port=443): Max retries exceeded with url: /offres-emploi/120177-marrakech-charges-de-clientele-en-langue-allemande-3-marrakech (Caused by SSLError(SSLEOFError(8, '[SSL: UNEXPECTED_EOF_WHILE_READING] EOF occurred in violation of protocol (_ssl.c:1000)')))
2024-03-08 01:17:36 - INFO - Extract the link of an offer: https://www.m-job.ma/offres-emploi/120177-marrakech-charges-de-clientele-en-langue-allemande-3-marrakech
2024-03-08 01:17:36 - INFO - Added new URL to cache: https://www.m-job.ma/offres-emploi/120175-marrakech-charges-de-clientele-en-langue-allemande-2-marrakech
2024-03-08 01:17:36 - INFO - The server https://www.m-job.ma/offres-emploi/120175-marrakech-charges-de-clientele-en-langue-allemande-2-marrakech could not be found. Error: HTTPSConnectionPool(host='www.m-job.ma', port=443): Max retries exceeded with url: /offres-emploi/120175-marrakech-charges-de-clientele-en-langue-allemande-2-marrakech (Caused by SSLError(SSLEOFError(8, '[SSL: UNEXPECTED_EOF_WHILE_READING] EOF occurred in violation of protocol (_ssl.c:1000)')))
2024-03-08 01:17:36 - INFO - Extract the link of an offer: https://www.m-job.ma/offres-emploi/120175-marrakech-charges-de-clientele-en-langue-allemande-2-marrakech
2024-03-08 01:17:36 - INFO - Added new URL to cache: https://www.m-job.ma/offres-emploi/120174-teleconseillere-francophone-avec-ou-sans-experience-tanger
2024-03-08 01:17:37 - INFO - The server https://www.m-job.ma/offres-emploi/120174-teleconseillere-francophone-avec-ou-sans-experience-tanger could not be found. Error: HTTPSConnectionPool(host='www.m-job.ma', port=443): Max retries exceeded with url: /offres-emploi/120174-teleconseillere-francophone-avec-ou-sans-experience-tanger (Caused by SSLError(SSLEOFError(8, '[SSL: UNEXPECTED_EOF_WHILE_READING] EOF occurred in violation of protocol (_ssl.c:1000)')))
2024-03-08 01:17:37 - INFO - Extract the link of an offer: https://www.m-job.ma/offres-emploi/120174-teleconseillere-francophone-avec-ou-sans-experience-tanger
2024-03-08 01:17:37 - INFO - Added new URL to cache: https://www.m-job.ma/offres-emploi/120173-marrakech-teleconseillers-bilingues-francais-anglais-en-reception-dappels-16-marrakech
2024-03-08 01:17:37 - INFO - The server https://www.m-job.ma/offres-emploi/120173-marrakech-teleconseillers-bilingues-francais-anglais-en-reception-dappels-16-marrakech could not be found. Error: HTTPSConnectionPool(host='www.m-job.ma', port=443): Max retries exceeded with url: /offres-emploi/120173-marrakech-teleconseillers-bilingues-francais-anglais-en-reception-dappels-16-marrakech (Caused by SSLError(SSLEOFError(8, '[SSL: UNEXPECTED_EOF_WHILE_READING] EOF occurred in violation of protocol (_ssl.c:1000)')))
2024-03-08 01:17:37 - INFO - Extract the link of an offer: https://www.m-job.ma/offres-emploi/120173-marrakech-teleconseillers-bilingues-francais-anglais-en-reception-dappels-16-marrakech
2024-03-08 01:17:37 - INFO - Added new URL to cache: https://www.m-job.ma/offres-emploi/120172-casablanca-reception-dappels-francophones-au-centre-ville-16-casablanca
2024-03-08 01:17:37 - INFO - The server https://www.m-job.ma/offres-emploi/120172-casablanca-reception-dappels-francophones-au-centre-ville-16-casablanca could not be found. Error: HTTPSConnectionPool(host='www.m-job.ma', port=443): Max retries exceeded with url: /offres-emploi/120172-casablanca-reception-dappels-francophones-au-centre-ville-16-casablanca (Caused by SSLError(SSLEOFError(8, '[SSL: UNEXPECTED_EOF_WHILE_READING] EOF occurred in violation of protocol (_ssl.c:1000)')))
2024-03-08 01:17:37 - INFO - Extract the link of an offer: https://www.m-job.ma/offres-emploi/120172-casablanca-reception-dappels-francophones-au-centre-ville-16-casablanca
2024-03-08 01:17:37 - INFO - Added new URL to cache: https://www.m-job.ma/offres-emploi/120171-casa-conseiller-clientele-parfaitement-francophone-reception-dappels-4-casablanca
2024-03-08 01:17:37 - INFO - The server https://www.m-job.ma/offres-emploi/120171-casa-conseiller-clientele-parfaitement-francophone-reception-dappels-4-casablanca could not be found. Error: HTTPSConnectionPool(host='www.m-job.ma', port=443): Max retries exceeded with url: /offres-emploi/120171-casa-conseiller-clientele-parfaitement-francophone-reception-dappels-4-casablanca (Caused by SSLError(SSLEOFError(8, '[SSL: UNEXPECTED_EOF_WHILE_READING] EOF occurred in violation of protocol (_ssl.c:1000)')))
2024-03-08 01:17:37 - INFO - Extract the link of an offer: https://www.m-job.ma/offres-emploi/120171-casa-conseiller-clientele-parfaitement-francophone-reception-dappels-4-casablanca
2024-03-08 01:17:37 - INFO - Added new URL to cache: https://www.m-job.ma/offres-emploi/120170-conseillers-commerciaux-francophones-5250dhs-primes-illimitees-9h-19h-casablanca
2024-03-08 01:17:37 - INFO - The server https://www.m-job.ma/offres-emploi/120170-conseillers-commerciaux-francophones-5250dhs-primes-illimitees-9h-19h-casablanca could not be found. Error: HTTPSConnectionPool(host='www.m-job.ma', port=443): Max retries exceeded with url: /offres-emploi/120170-conseillers-commerciaux-francophones-5250dhs-primes-illimitees-9h-19h-casablanca (Caused by SSLError(SSLEOFError(8, '[SSL: UNEXPECTED_EOF_WHILE_READING] EOF occurred in violation of protocol (_ssl.c:1000)')))
2024-03-08 01:17:37 - INFO - Extract the link of an offer: https://www.m-job.ma/offres-emploi/120170-conseillers-commerciaux-francophones-5250dhs-primes-illimitees-9h-19h-casablanca
2024-03-08 01:17:37 - INFO - Added new URL to cache: https://www.m-job.ma/offres-emploi/120169-marrakech-charges-de-clientele-en-langue-allemande-6222dhs-primes-marrakech
2024-03-08 01:17:37 - INFO - The server https://www.m-job.ma/offres-emploi/120169-marrakech-charges-de-clientele-en-langue-allemande-6222dhs-primes-marrakech could not be found. Error: HTTPSConnectionPool(host='www.m-job.ma', port=443): Max retries exceeded with url: /offres-emploi/120169-marrakech-charges-de-clientele-en-langue-allemande-6222dhs-primes-marrakech (Caused by SSLError(SSLEOFError(8, '[SSL: UNEXPECTED_EOF_WHILE_READING] EOF occurred in violation of protocol (_ssl.c:1000)')))
2024-03-08 01:17:37 - INFO - Extract the link of an offer: https://www.m-job.ma/offres-emploi/120169-marrakech-charges-de-clientele-en-langue-allemande-6222dhs-primes-marrakech
2024-03-08 01:17:37 - INFO - Added new URL to cache: https://www.m-job.ma/offres-emploi/120168-reception-service-client-pour-un-groupe-automobile-international-casa-2-casablanca
2024-03-08 01:17:37 - INFO - The server https://www.m-job.ma/offres-emploi/120168-reception-service-client-pour-un-groupe-automobile-international-casa-2-casablanca could not be found. Error: HTTPSConnectionPool(host='www.m-job.ma', port=443): Max retries exceeded with url: /offres-emploi/120168-reception-service-client-pour-un-groupe-automobile-international-casa-2-casablanca (Caused by SSLError(SSLEOFError(8, '[SSL: UNEXPECTED_EOF_WHILE_READING] EOF occurred in violation of protocol (_ssl.c:1000)')))
2024-03-08 01:17:37 - INFO - Extract the link of an offer: https://www.m-job.ma/offres-emploi/120168-reception-service-client-pour-un-groupe-automobile-international-casa-2-casablanca
2024-03-08 01:17:37 - INFO - Added new URL to cache: https://www.m-job.ma/offres-emploi/120167-casablanca-conseillers-commerciaux-en-reception-dappels-primes-illimitees-6-casablanca
2024-03-08 01:17:37 - INFO - The server https://www.m-job.ma/offres-emploi/120167-casablanca-conseillers-commerciaux-en-reception-dappels-primes-illimitees-6-casablanca could not be found. Error: HTTPSConnectionPool(host='www.m-job.ma', port=443): Max retries exceeded with url: /offres-emploi/120167-casablanca-conseillers-commerciaux-en-reception-dappels-primes-illimitees-6-casablanca (Caused by SSLError(SSLEOFError(8, '[SSL: UNEXPECTED_EOF_WHILE_READING] EOF occurred in violation of protocol (_ssl.c:1000)')))
2024-03-08 01:17:37 - INFO - Extract the link of an offer: https://www.m-job.ma/offres-emploi/120167-casablanca-conseillers-commerciaux-en-reception-dappels-primes-illimitees-6-casablanca
2024-03-08 01:17:37 - INFO - Added new URL to cache: https://www.m-job.ma/offres-emploi/120166-comptable-109-tanger
2024-03-08 01:17:37 - INFO - The server https://www.m-job.ma/offres-emploi/120166-comptable-109-tanger could not be found. Error: HTTPSConnectionPool(host='www.m-job.ma', port=443): Max retries exceeded with url: /offres-emploi/120166-comptable-109-tanger (Caused by SSLError(SSLEOFError(8, '[SSL: UNEXPECTED_EOF_WHILE_READING] EOF occurred in violation of protocol (_ssl.c:1000)')))
2024-03-08 01:17:37 - INFO - Extract the link of an offer: https://www.m-job.ma/offres-emploi/120166-comptable-109-tanger
2024-03-08 01:17:37 - INFO - Added new URL to cache: https://www.m-job.ma/offres-emploi/120165-personnel-centre-soutien-scolaire-et-de-langues-a-agadir-agadir
2024-03-08 01:17:37 - INFO - The server https://www.m-job.ma/offres-emploi/120165-personnel-centre-soutien-scolaire-et-de-langues-a-agadir-agadir could not be found. Error: HTTPSConnectionPool(host='www.m-job.ma', port=443): Max retries exceeded with url: /offres-emploi/120165-personnel-centre-soutien-scolaire-et-de-langues-a-agadir-agadir (Caused by SSLError(SSLEOFError(8, '[SSL: UNEXPECTED_EOF_WHILE_READING] EOF occurred in violation of protocol (_ssl.c:1000)')))
2024-03-08 01:17:37 - INFO - Extract the link of an offer: https://www.m-job.ma/offres-emploi/120165-personnel-centre-soutien-scolaire-et-de-langues-a-agadir-agadir
2024-03-08 01:17:37 - INFO - Added new URL to cache: https://www.m-job.ma/offres-emploi/120164-consultante-business-developpeur-en-assurances-a-mohammedia-119-casablanca
2024-03-08 01:17:37 - INFO - The server https://www.m-job.ma/offres-emploi/120164-consultante-business-developpeur-en-assurances-a-mohammedia-119-casablanca could not be found. Error: HTTPSConnectionPool(host='www.m-job.ma', port=443): Max retries exceeded with url: /offres-emploi/120164-consultante-business-developpeur-en-assurances-a-mohammedia-119-casablanca (Caused by SSLError(SSLEOFError(8, '[SSL: UNEXPECTED_EOF_WHILE_READING] EOF occurred in violation of protocol (_ssl.c:1000)')))
2024-03-08 01:17:37 - INFO - Extract the link of an offer: https://www.m-job.ma/offres-emploi/120164-consultante-business-developpeur-en-assurances-a-mohammedia-119-casablanca
2024-03-08 01:17:37 - INFO - Added new URL to cache: https://www.m-job.ma/offres-emploi/120163-teleconseillere-commerciale-specialistes-assurances-energies-renouvelables-telephonie-mobile-mohamedia-135-casablanca
2024-03-08 01:17:38 - INFO - The server https://www.m-job.ma/offres-emploi/120163-teleconseillere-commerciale-specialistes-assurances-energies-renouvelables-telephonie-mobile-mohamedia-135-casablanca could not be found. Error: HTTPSConnectionPool(host='www.m-job.ma', port=443): Max retries exceeded with url: /offres-emploi/120163-teleconseillere-commerciale-specialistes-assurances-energies-renouvelables-telephonie-mobile-mohamedia-135-casablanca (Caused by SSLError(SSLEOFError(8, '[SSL: UNEXPECTED_EOF_WHILE_READING] EOF occurred in violation of protocol (_ssl.c:1000)')))
2024-03-08 01:17:38 - INFO - Extract the link of an offer: https://www.m-job.ma/offres-emploi/120163-teleconseillere-commerciale-specialistes-assurances-energies-renouvelables-telephonie-mobile-mohamedia-135-casablanca
2024-03-08 01:17:38 - INFO - Added new URL to cache: https://www.m-job.ma/offres-emploi/120162-assistante-administrative-33-temara
2024-03-08 01:17:38 - INFO - The server https://www.m-job.ma/offres-emploi/120162-assistante-administrative-33-temara could not be found. Error: HTTPSConnectionPool(host='www.m-job.ma', port=443): Max retries exceeded with url: /offres-emploi/120162-assistante-administrative-33-temara (Caused by SSLError(SSLEOFError(8, '[SSL: UNEXPECTED_EOF_WHILE_READING] EOF occurred in violation of protocol (_ssl.c:1000)')))
2024-03-08 01:17:38 - INFO - Extract the link of an offer: https://www.m-job.ma/offres-emploi/120162-assistante-administrative-33-temara
2024-03-08 01:17:38 - INFO - start scraping page with index 1 : [http://www.m-job.ma/recherche?page=2]
2024-03-08 01:17:38 - INFO - Start scraping data with the URL: http://www.m-job.ma/recherche?page=2
2024-03-08 01:17:44 - INFO - Successfully retrieved HTML content. Status code: 200
2024-03-08 01:17:44 - INFO - The page was fetched successfully from: http://www.m-job.ma/recherche?page=2
2024-03-08 01:17:44 - INFO - Extract 20 offer boxes
2024-03-08 01:17:44 - INFO - Start scraping 20 offers on http://www.m-job.ma/recherche?page=2
2024-03-08 01:17:44 - INFO - Added new URL to cache: https://www.m-job.ma/offres-emploi/120161-employe-service-clientele-casablanca
2024-03-08 01:17:44 - INFO - The server https://www.m-job.ma/offres-emploi/120161-employe-service-clientele-casablanca could not be found. Error: HTTPSConnectionPool(host='www.m-job.ma', port=443): Max retries exceeded with url: /offres-emploi/120161-employe-service-clientele-casablanca (Caused by SSLError(SSLEOFError(8, '[SSL: UNEXPECTED_EOF_WHILE_READING] EOF occurred in violation of protocol (_ssl.c:1000)')))
2024-03-08 01:17:44 - INFO - Extract the link of an offer: https://www.m-job.ma/offres-emploi/120161-employe-service-clientele-casablanca
2024-03-08 01:17:44 - INFO - Added new URL to cache: https://www.m-job.ma/offres-emploi/120160-marrakech-profils-bilingues-francais-anglais-en-reception-transport-assure-11-marrakech
2024-03-08 01:17:44 - INFO - The server https://www.m-job.ma/offres-emploi/120160-marrakech-profils-bilingues-francais-anglais-en-reception-transport-assure-11-marrakech could not be found. Error: HTTPSConnectionPool(host='www.m-job.ma', port=443): Max retries exceeded with url: /offres-emploi/120160-marrakech-profils-bilingues-francais-anglais-en-reception-transport-assure-11-marrakech (Caused by SSLError(SSLEOFError(8, '[SSL: UNEXPECTED_EOF_WHILE_READING] EOF occurred in violation of protocol (_ssl.c:1000)')))
2024-03-08 01:17:44 - INFO - Extract the link of an offer: https://www.m-job.ma/offres-emploi/120160-marrakech-profils-bilingues-francais-anglais-en-reception-transport-assure-11-marrakech
2024-03-08 01:17:44 - INFO - Added new URL to cache: https://www.m-job.ma/offres-emploi/120158-casa-conseiller-en-assurance-francophone-en-reception-dappels-5-casablanca
2024-03-08 01:17:45 - INFO - The server https://www.m-job.ma/offres-emploi/120158-casa-conseiller-en-assurance-francophone-en-reception-dappels-5-casablanca could not be found. Error: HTTPSConnectionPool(host='www.m-job.ma', port=443): Max retries exceeded with url: /offres-emploi/120158-casa-conseiller-en-assurance-francophone-en-reception-dappels-5-casablanca (Caused by SSLError(SSLEOFError(8, '[SSL: UNEXPECTED_EOF_WHILE_READING] EOF occurred in violation of protocol (_ssl.c:1000)')))
2024-03-08 01:17:45 - INFO - Extract the link of an offer: https://www.m-job.ma/offres-emploi/120158-casa-conseiller-en-assurance-francophone-en-reception-dappels-5-casablanca
2024-03-08 01:17:45 - INFO - URL already scraped: https://www.m-job.ma/offres-emploi/120157-casablanca-reception-dappels-francophones-au-centre-ville-15-casablanca
2024-03-08 01:17:45 - ERROR - An error occurred: 'DataFrame' object has no attribute 'empty'
2024-03-08 02:27:34 - INFO - start scraping
2024-03-08 02:27:48 - INFO - start scraping page with index 0 : [http://www.m-job.ma/recherche?page=1]
2024-03-08 02:27:48 - INFO - Start scraping data with the URL: http://www.m-job.ma/recherche?page=1
2024-03-08 02:27:51 - INFO - Successfully retrieved HTML content. Status code: 200
2024-03-08 02:27:51 - INFO - The page was fetched successfully from: http://www.m-job.ma/recherche?page=1
2024-03-08 02:27:51 - INFO - Extract 20 offer boxes
2024-03-08 02:27:51 - INFO - Start scraping 20 offers on http://www.m-job.ma/recherche?page=1
2024-03-08 02:27:51 - ERROR - Error occurred in scraping pages: [Errno 5] Input/output error
2024-03-08 02:27:51 - ERROR - An error occurred: 'DataFrame' object has no attribute 'empty'
